<?xml version="1.0" encoding="UTF-8"?>
<testng-results skipped="0" failed="0" total="1" passed="1">
  <reporter-output>
  </reporter-output>
  <suite name="Suite" duration-ms="36125" started-at="2020-09-25T05:48:22Z" finished-at="2020-09-25T05:48:58Z">
    <groups>
    </groups>
    <test name="Test" duration-ms="36125" started-at="2020-09-25T05:48:22Z" finished-at="2020-09-25T05:48:58Z">
      <class name="first.Maven.selenium">
        <test-method status="PASS" signature="testNG()[pri:0, instance:first.Maven.selenium@5c3bd550]" name="testNG" duration-ms="36081" started-at="2020-09-25T11:18:22Z" finished-at="2020-09-25T11:18:58Z">
          <reporter-output>
          </reporter-output>
        </test-method> <!-- testNG -->
      </class> <!-- first.Maven.selenium -->
    </test> <!-- Test -->
  </suite> <!-- Suite -->
</testng-results>
