<?xml version="1.0" encoding="UTF-8"?>
<testng-results skipped="0" failed="0" ignored="0" total="1" passed="1">
  <reporter-output>
  </reporter-output>
  <suite name="Suite" duration-ms="43857" started-at="2020-09-24T11:15:33Z" finished-at="2020-09-24T11:16:17Z">
    <groups>
    </groups>
    <test name="Test" duration-ms="43857" started-at="2020-09-24T11:15:33Z" finished-at="2020-09-24T11:16:17Z">
      <class name="first.Maven.selenium">
        <test-method status="PASS" signature="testNG()[pri:0, instance:first.Maven.selenium@6d78f375]" name="testNG" duration-ms="43795" started-at="2020-09-24T16:45:33Z" finished-at="2020-09-24T16:46:17Z">
          <reporter-output>
          </reporter-output>
        </test-method> <!-- testNG -->
      </class> <!-- first.Maven.selenium -->
    </test> <!-- Test -->
  </suite> <!-- Suite -->
</testng-results>
